T(1e-06)_idL(20)_ratio(1)_rep(0)
T(1e-06)_idL(40)_ratio(1)_rep(0)
T(1e-06)_idL(60)_ratio(1)_rep(0)
T(1e-06)_idL(80)_ratio(1)_rep(0)
T(1e-06)_idL(100)_ratio(1)_rep(0)
T(1e-06)_idL(120)_ratio(1)_rep(0)
T(1e-06)_idL(140)_ratio(1)_rep(0)
T(1e-06)_idL(200)_ratio(1)_rep(0)
T(1e-06)_idL(400)_ratio(1)_rep(0)
T(1e-06)_idL(800)_ratio(1)_rep(0)
T(1e-06)_idL(20)_ratio(1)_rep(1)
T(1e-06)_idL(40)_ratio(1)_rep(1)
T(1e-06)_idL(60)_ratio(1)_rep(1)
T(1e-06)_idL(80)_ratio(1)_rep(1)
T(1e-06)_idL(100)_ratio(1)_rep(1)
T(1e-06)_idL(120)_ratio(1)_rep(1)
T(1e-06)_idL(140)_ratio(1)_rep(1)
T(1e-06)_idL(200)_ratio(1)_rep(1)
T(1e-06)_idL(400)_ratio(1)_rep(1)
T(1e-06)_idL(800)_ratio(1)_rep(1)
T(1e-06)_idL(20)_ratio(1)_rep(2)
T(1e-06)_idL(40)_ratio(1)_rep(2)
T(1e-06)_idL(60)_ratio(1)_rep(2)
T(1e-06)_idL(80)_ratio(1)_rep(2)
T(1e-06)_idL(100)_ratio(1)_rep(2)
T(1e-06)_idL(120)_ratio(1)_rep(2)
T(1e-06)_idL(140)_ratio(1)_rep(2)
T(1e-06)_idL(200)_ratio(1)_rep(2)
T(1e-06)_idL(400)_ratio(1)_rep(2)
T(1e-06)_idL(800)_ratio(1)_rep(2)
T(1e-06)_idL(20)_ratio(1)_rep(3)
T(1e-06)_idL(40)_ratio(1)_rep(3)
T(1e-06)_idL(60)_ratio(1)_rep(3)
T(1e-06)_idL(80)_ratio(1)_rep(3)
T(1e-06)_idL(100)_ratio(1)_rep(3)
T(1e-06)_idL(120)_ratio(1)_rep(3)
T(1e-06)_idL(140)_ratio(1)_rep(3)
T(1e-06)_idL(200)_ratio(1)_rep(3)
T(1e-06)_idL(400)_ratio(1)_rep(3)
T(1e-06)_idL(800)_ratio(1)_rep(3)
T(1e-06)_idL(20)_ratio(1)_rep(4)
T(1e-06)_idL(40)_ratio(1)_rep(4)
T(1e-06)_idL(60)_ratio(1)_rep(4)
T(1e-06)_idL(80)_ratio(1)_rep(4)
T(1e-06)_idL(100)_ratio(1)_rep(4)
T(1e-06)_idL(120)_ratio(1)_rep(4)
T(1e-06)_idL(140)_ratio(1)_rep(4)
T(1e-06)_idL(200)_ratio(1)_rep(4)
T(1e-06)_idL(400)_ratio(1)_rep(4)
T(1e-06)_idL(800)_ratio(1)_rep(4)
