T(1e-06)_idL(120)_ratio(0.1)_rep(0)
T(1e-06)_idL(120)_ratio(0.1)_rep(1)
T(1e-06)_idL(120)_ratio(0.1)_rep(2)
T(1e-06)_idL(120)_ratio(0.1)_rep(3)
T(1e-06)_idL(120)_ratio(0.1)_rep(4)
T(1e-06)_idL(120)_ratio(0.1)_rep(5)
T(1e-06)_idL(120)_ratio(0.1)_rep(6)
T(1e-06)_idL(120)_ratio(0.1)_rep(7)
T(1e-06)_idL(120)_ratio(0.1)_rep(8)
T(1e-06)_idL(120)_ratio(0.1)_rep(9)
T(1e-06)_idL(120)_ratio(0.1)_rep(10)
T(1e-06)_idL(120)_ratio(0.1)_rep(11)
T(1e-06)_idL(120)_ratio(0.1)_rep(12)
T(1e-06)_idL(120)_ratio(0.1)_rep(13)
T(1e-06)_idL(120)_ratio(0.1)_rep(14)
T(1e-06)_idL(120)_ratio(0.1)_rep(15)
T(1e-06)_idL(120)_ratio(0.1)_rep(16)
T(1e-06)_idL(120)_ratio(0.1)_rep(17)
T(1e-06)_idL(120)_ratio(0.1)_rep(18)
T(1e-06)_idL(120)_ratio(0.1)_rep(19)
T(1e-06)_idL(120)_ratio(0.1)_rep(20)
T(1e-06)_idL(120)_ratio(0.1)_rep(21)
T(1e-06)_idL(120)_ratio(0.1)_rep(22)
T(1e-06)_idL(120)_ratio(0.1)_rep(23)
T(1e-06)_idL(120)_ratio(0.1)_rep(24)
