T(1e-06)_idL(120)_ratio(0.1)_poly(4)_rep(0)
T(1e-06)_idL(120)_ratio(0.1)_poly(6)_rep(0)
T(1e-06)_idL(120)_ratio(0.1)_poly(8)_rep(0)
T(1e-06)_idL(120)_ratio(0.1)_poly(10)_rep(0)
T(1e-06)_idL(120)_ratio(0.1)_poly(12)_rep(0)
T(1e-06)_idL(120)_ratio(0.1)_poly(25)_rep(0)
T(1e-06)_idL(120)_ratio(0.1)_poly(50)_rep(0)
T(1e-06)_idL(120)_ratio(0.1)_poly(100)_rep(0)
T(1e-06)_idL(120)_ratio(0.1)_poly(4)_rep(1)
T(1e-06)_idL(120)_ratio(0.1)_poly(6)_rep(1)
T(1e-06)_idL(120)_ratio(0.1)_poly(8)_rep(1)
T(1e-06)_idL(120)_ratio(0.1)_poly(10)_rep(1)
T(1e-06)_idL(120)_ratio(0.1)_poly(12)_rep(1)
T(1e-06)_idL(120)_ratio(0.1)_poly(25)_rep(1)
T(1e-06)_idL(120)_ratio(0.1)_poly(50)_rep(1)
T(1e-06)_idL(120)_ratio(0.1)_poly(100)_rep(1)
T(1e-06)_idL(120)_ratio(0.1)_poly(4)_rep(2)
T(1e-06)_idL(120)_ratio(0.1)_poly(6)_rep(2)
T(1e-06)_idL(120)_ratio(0.1)_poly(8)_rep(2)
T(1e-06)_idL(120)_ratio(0.1)_poly(10)_rep(2)
T(1e-06)_idL(120)_ratio(0.1)_poly(12)_rep(2)
T(1e-06)_idL(120)_ratio(0.1)_poly(25)_rep(2)
T(1e-06)_idL(120)_ratio(0.1)_poly(50)_rep(2)
T(1e-06)_idL(120)_ratio(0.1)_poly(100)_rep(2)
T(1e-06)_idL(120)_ratio(0.1)_poly(4)_rep(3)
T(1e-06)_idL(120)_ratio(0.1)_poly(6)_rep(3)
T(1e-06)_idL(120)_ratio(0.1)_poly(8)_rep(3)
T(1e-06)_idL(120)_ratio(0.1)_poly(10)_rep(3)
T(1e-06)_idL(120)_ratio(0.1)_poly(12)_rep(3)
T(1e-06)_idL(120)_ratio(0.1)_poly(25)_rep(3)
T(1e-06)_idL(120)_ratio(0.1)_poly(50)_rep(3)
T(1e-06)_idL(120)_ratio(0.1)_poly(100)_rep(3)
T(1e-06)_idL(120)_ratio(0.1)_poly(4)_rep(4)
T(1e-06)_idL(120)_ratio(0.1)_poly(6)_rep(4)
T(1e-06)_idL(120)_ratio(0.1)_poly(8)_rep(4)
