T(1e-06)_idL(60)_ratio(0.01)_rep(0)
T(1e-06)_idL(60)_ratio(0.02)_rep(0)
T(1e-06)_idL(60)_ratio(0.1)_rep(0)
T(1e-06)_idL(60)_ratio(1)_rep(0)
T(1e-06)_idL(60)_ratio(10.0)_rep(0)
T(1e-06)_idL(60)_ratio(50.0)_rep(0)
T(1e-06)_idL(60)_ratio(100.0)_rep(0)
T(1e-06)_idL(60)_ratio(500.0)_rep(0)
T(1e-06)_idL(60)_ratio(1000.0)_rep(0)
T(1e-06)_idL(60)_ratio(10000.0)_rep(0)
T(1e-06)_idL(60)_ratio(0.01)_rep(1)
T(1e-06)_idL(60)_ratio(0.02)_rep(1)
T(1e-06)_idL(60)_ratio(0.1)_rep(1)
T(1e-06)_idL(60)_ratio(1)_rep(1)
T(1e-06)_idL(60)_ratio(10.0)_rep(1)
T(1e-06)_idL(60)_ratio(50.0)_rep(1)
T(1e-06)_idL(60)_ratio(100.0)_rep(1)
T(1e-06)_idL(60)_ratio(500.0)_rep(1)
T(1e-06)_idL(60)_ratio(1000.0)_rep(1)
T(1e-06)_idL(60)_ratio(10000.0)_rep(1)
T(1e-06)_idL(60)_ratio(0.01)_rep(2)
T(1e-06)_idL(60)_ratio(0.02)_rep(2)
T(1e-06)_idL(60)_ratio(0.1)_rep(2)
T(1e-06)_idL(60)_ratio(1)_rep(2)
T(1e-06)_idL(60)_ratio(10.0)_rep(2)
T(1e-06)_idL(60)_ratio(50.0)_rep(2)
T(1e-06)_idL(60)_ratio(100.0)_rep(2)
T(1e-06)_idL(60)_ratio(500.0)_rep(2)
T(1e-06)_idL(60)_ratio(1000.0)_rep(2)
T(1e-06)_idL(60)_ratio(10000.0)_rep(2)
T(1e-06)_idL(60)_ratio(0.01)_rep(3)
T(1e-06)_idL(60)_ratio(0.02)_rep(3)
T(1e-06)_idL(60)_ratio(0.1)_rep(3)
T(1e-06)_idL(60)_ratio(1)_rep(3)
T(1e-06)_idL(60)_ratio(10.0)_rep(3)
T(1e-06)_idL(60)_ratio(50.0)_rep(3)
T(1e-06)_idL(60)_ratio(100.0)_rep(3)
T(1e-06)_idL(60)_ratio(500.0)_rep(3)
T(1e-06)_idL(60)_ratio(1000.0)_rep(3)
T(1e-06)_idL(60)_ratio(10000.0)_rep(3)
T(1e-06)_idL(60)_ratio(0.01)_rep(4)
T(1e-06)_idL(60)_ratio(0.02)_rep(4)
T(1e-06)_idL(60)_ratio(0.1)_rep(4)
T(1e-06)_idL(60)_ratio(1)_rep(4)
T(1e-06)_idL(60)_ratio(10.0)_rep(4)
T(1e-06)_idL(60)_ratio(50.0)_rep(4)
T(1e-06)_idL(60)_ratio(100.0)_rep(4)
T(1e-06)_idL(60)_ratio(500.0)_rep(4)
T(1e-06)_idL(60)_ratio(1000.0)_rep(4)
T(1e-06)_idL(60)_ratio(10000.0)_rep(4)
