T(1e-07)_idL(120)_ratio(0.1)_rep(0)
T(1e-06)_idL(120)_ratio(0.1)_rep(0)
T(1e-05)_idL(120)_ratio(0.1)_rep(0)
T(0.0001)_idL(120)_ratio(0.1)_rep(0)
T(0.001)_idL(120)_ratio(0.1)_rep(0)
T(0.01)_idL(120)_ratio(0.1)_rep(0)
T(0.1)_idL(120)_ratio(0.1)_rep(0)
T(1e-07)_idL(120)_ratio(0.1)_rep(1)
T(1e-06)_idL(120)_ratio(0.1)_rep(1)
T(1e-05)_idL(120)_ratio(0.1)_rep(1)
T(0.0001)_idL(120)_ratio(0.1)_rep(1)
T(0.001)_idL(120)_ratio(0.1)_rep(1)
T(0.01)_idL(120)_ratio(0.1)_rep(1)
T(0.1)_idL(120)_ratio(0.1)_rep(1)
T(1e-07)_idL(120)_ratio(0.1)_rep(2)
T(1e-06)_idL(120)_ratio(0.1)_rep(2)
T(1e-05)_idL(120)_ratio(0.1)_rep(2)
T(0.0001)_idL(120)_ratio(0.1)_rep(2)
T(0.001)_idL(120)_ratio(0.1)_rep(2)
T(0.01)_idL(120)_ratio(0.1)_rep(2)
T(0.1)_idL(120)_ratio(0.1)_rep(2)
T(1e-07)_idL(120)_ratio(0.1)_rep(3)
T(1e-06)_idL(120)_ratio(0.1)_rep(3)
T(1e-05)_idL(120)_ratio(0.1)_rep(3)
T(0.0001)_idL(120)_ratio(0.1)_rep(3)
T(0.001)_idL(120)_ratio(0.1)_rep(3)
T(0.01)_idL(120)_ratio(0.1)_rep(3)
T(0.1)_idL(120)_ratio(0.1)_rep(3)
T(1e-07)_idL(120)_ratio(0.1)_rep(4)
T(1e-06)_idL(120)_ratio(0.1)_rep(4)
T(1e-05)_idL(120)_ratio(0.1)_rep(4)
T(0.0001)_idL(120)_ratio(0.1)_rep(4)
T(0.001)_idL(120)_ratio(0.1)_rep(4)
T(0.01)_idL(120)_ratio(0.1)_rep(4)
T(0.1)_idL(120)_ratio(0.1)_rep(4)
